<?xml version="1.0" encoding="UTF-8"?>
<testsuite xmlns:xsi="http://www.w3.org/2001/XMLSchema-instance" xsi:noNamespaceSchemaLocation="https://maven.apache.org/surefire/maven-surefire-plugin/xsd/surefire-test-report.xsd" name="com.ifood.Playlist.controller.CategoryControllerTest" time="2.387" tests="3" errors="0" skipped="0" failures="0">
  <properties>
    <property name="sun.desktop" value="windows"/>
    <property name="awt.toolkit" value="sun.awt.windows.WToolkit"/>
    <property name="file.encoding.pkg" value="sun.io"/>
    <property name="java.specification.version" value="1.8"/>
    <property name="sun.cpu.isalist" value="pentium_pro+mmx pentium_pro pentium+mmx pentium i486 i386 i86"/>
    <property name="sun.jnu.encoding" value="Cp1252"/>
    <property name="java.class.path" value="D:\JAVA\workspace\jee-oxygen\Playlist\target\test-classes;D:\JAVA\workspace\jee-oxygen\Playlist\target\classes;C:\Users\Gustavo\.m2\repository\com\jayway\restassured\rest-assured\2.9.0\rest-assured-2.9.0.jar;C:\Users\Gustavo\.m2\repository\org\codehaus\groovy\groovy\2.4.13\groovy-2.4.13.jar;C:\Users\Gustavo\.m2\repository\org\codehaus\groovy\groovy-xml\2.4.13\groovy-xml-2.4.13.jar;C:\Users\Gustavo\.m2\repository\org\apache\httpcomponents\httpclient\4.5.5\httpclient-4.5.5.jar;C:\Users\Gustavo\.m2\repository\org\apache\httpcomponents\httpcore\4.4.9\httpcore-4.4.9.jar;C:\Users\Gustavo\.m2\repository\commons-codec\commons-codec\1.11\commons-codec-1.11.jar;C:\Users\Gustavo\.m2\repository\org\apache\httpcomponents\httpmime\4.5.5\httpmime-4.5.5.jar;C:\Users\Gustavo\.m2\repository\org\hamcrest\hamcrest-core\1.3\hamcrest-core-1.3.jar;C:\Users\Gustavo\.m2\repository\org\hamcrest\hamcrest-library\1.3\hamcrest-library-1.3.jar;C:\Users\Gustavo\.m2\repository\org\ccil\cowan\tagsoup\tagsoup\1.2.1\tagsoup-1.2.1.jar;C:\Users\Gustavo\.m2\repository\com\jayway\restassured\json-path\2.9.0\json-path-2.9.0.jar;C:\Users\Gustavo\.m2\repository\org\codehaus\groovy\groovy-json\2.4.13\groovy-json-2.4.13.jar;C:\Users\Gustavo\.m2\repository\com\jayway\restassured\rest-assured-common\2.9.0\rest-assured-common-2.9.0.jar;C:\Users\Gustavo\.m2\repository\com\jayway\restassured\xml-path\2.9.0\xml-path-2.9.0.jar;C:\Users\Gustavo\.m2\repository\org\apache\commons\commons-lang3\3.7\commons-lang3-3.7.jar;C:\Users\Gustavo\.m2\repository\junit\junit\4.12\junit-4.12.jar;C:\Users\Gustavo\.m2\repository\net\aksingh\owm-japis\2.5.0.3\owm-japis-2.5.0.3.jar;C:\Users\Gustavo\.m2\repository\se\michaelthelin\spotify\spotify-web-api-java\1.7.5\spotify-web-api-java-1.7.5.jar;C:\Users\Gustavo\.m2\repository\com\google\protobuf\protobuf-java\3.4.0\protobuf-java-3.4.0.jar;C:\Users\Gustavo\.m2\repository\net\sf\json-lib\json-lib\2.4\json-lib-2.4-jdk15.jar;C:\Users\Gustavo\.m2\repository\commons-beanutils\commons-beanutils\1.8.0\commons-beanutils-1.8.0.jar;C:\Users\Gustavo\.m2\repository\commons-collections\commons-collections\3.2.1\commons-collections-3.2.1.jar;C:\Users\Gustavo\.m2\repository\commons-lang\commons-lang\2.5\commons-lang-2.5.jar;C:\Users\Gustavo\.m2\repository\commons-logging\commons-logging\1.1.1\commons-logging-1.1.1.jar;C:\Users\Gustavo\.m2\repository\net\sf\ezmorph\ezmorph\1.0.6\ezmorph-1.0.6.jar;C:\Users\Gustavo\.m2\repository\com\google\guava\guava\20.0\guava-20.0.jar;C:\Users\Gustavo\.m2\repository\org\springframework\boot\spring-boot-starter-web\2.0.0.RELEASE\spring-boot-starter-web-2.0.0.RELEASE.jar;C:\Users\Gustavo\.m2\repository\org\springframework\boot\spring-boot-starter\2.0.0.RELEASE\spring-boot-starter-2.0.0.RELEASE.jar;C:\Users\Gustavo\.m2\repository\org\springframework\boot\spring-boot\2.0.0.RELEASE\spring-boot-2.0.0.RELEASE.jar;C:\Users\Gustavo\.m2\repository\org\springframework\boot\spring-boot-autoconfigure\2.0.0.RELEASE\spring-boot-autoconfigure-2.0.0.RELEASE.jar;C:\Users\Gustavo\.m2\repository\org\springframework\boot\spring-boot-starter-logging\2.0.0.RELEASE\spring-boot-starter-logging-2.0.0.RELEASE.jar;C:\Users\Gustavo\.m2\repository\ch\qos\logback\logback-classic\1.2.3\logback-classic-1.2.3.jar;C:\Users\Gustavo\.m2\repository\ch\qos\logback\logback-core\1.2.3\logback-core-1.2.3.jar;C:\Users\Gustavo\.m2\repository\org\slf4j\slf4j-api\1.7.25\slf4j-api-1.7.25.jar;C:\Users\Gustavo\.m2\repository\org\apache\logging\log4j\log4j-to-slf4j\2.10.0\log4j-to-slf4j-2.10.0.jar;C:\Users\Gustavo\.m2\repository\org\apache\logging\log4j\log4j-api\2.10.0\log4j-api-2.10.0.jar;C:\Users\Gustavo\.m2\repository\org\slf4j\jul-to-slf4j\1.7.25\jul-to-slf4j-1.7.25.jar;C:\Users\Gustavo\.m2\repository\javax\annotation\javax.annotation-api\1.3.2\javax.annotation-api-1.3.2.jar;C:\Users\Gustavo\.m2\repository\org\yaml\snakeyaml\1.19\snakeyaml-1.19.jar;C:\Users\Gustavo\.m2\repository\org\springframework\boot\spring-boot-starter-json\2.0.0.RELEASE\spring-boot-starter-json-2.0.0.RELEASE.jar;C:\Users\Gustavo\.m2\repository\com\fasterxml\jackson\core\jackson-databind\2.9.4\jackson-databind-2.9.4.jar;C:\Users\Gustavo\.m2\repository\com\fasterxml\jackson\core\jackson-annotations\2.9.0\jackson-annotations-2.9.0.jar;C:\Users\Gustavo\.m2\repository\com\fasterxml\jackson\core\jackson-core\2.9.4\jackson-core-2.9.4.jar;C:\Users\Gustavo\.m2\repository\com\fasterxml\jackson\datatype\jackson-datatype-jdk8\2.9.4\jackson-datatype-jdk8-2.9.4.jar;C:\Users\Gustavo\.m2\repository\com\fasterxml\jackson\datatype\jackson-datatype-jsr310\2.9.4\jackson-datatype-jsr310-2.9.4.jar;C:\Users\Gustavo\.m2\repository\com\fasterxml\jackson\module\jackson-module-parameter-names\2.9.4\jackson-module-parameter-names-2.9.4.jar;C:\Users\Gustavo\.m2\repository\org\hibernate\validator\hibernate-validator\6.0.7.Final\hibernate-validator-6.0.7.Final.jar;C:\Users\Gustavo\.m2\repository\javax\validation\validation-api\2.0.1.Final\validation-api-2.0.1.Final.jar;C:\Users\Gustavo\.m2\repository\org\jboss\logging\jboss-logging\3.3.2.Final\jboss-logging-3.3.2.Final.jar;C:\Users\Gustavo\.m2\repository\com\fasterxml\classmate\1.3.4\classmate-1.3.4.jar;C:\Users\Gustavo\.m2\repository\org\springframework\spring-web\5.0.4.RELEASE\spring-web-5.0.4.RELEASE.jar;C:\Users\Gustavo\.m2\repository\org\springframework\spring-webmvc\5.0.4.RELEASE\spring-webmvc-5.0.4.RELEASE.jar;C:\Users\Gustavo\.m2\repository\org\springframework\boot\spring-boot-starter-jetty\2.0.0.RELEASE\spring-boot-starter-jetty-2.0.0.RELEASE.jar;C:\Users\Gustavo\.m2\repository\org\eclipse\jetty\jetty-servlets\9.4.8.v20171121\jetty-servlets-9.4.8.v20171121.jar;C:\Users\Gustavo\.m2\repository\org\eclipse\jetty\jetty-continuation\9.4.8.v20171121\jetty-continuation-9.4.8.v20171121.jar;C:\Users\Gustavo\.m2\repository\org\eclipse\jetty\jetty-http\9.4.8.v20171121\jetty-http-9.4.8.v20171121.jar;C:\Users\Gustavo\.m2\repository\org\eclipse\jetty\jetty-util\9.4.8.v20171121\jetty-util-9.4.8.v20171121.jar;C:\Users\Gustavo\.m2\repository\org\eclipse\jetty\jetty-io\9.4.8.v20171121\jetty-io-9.4.8.v20171121.jar;C:\Users\Gustavo\.m2\repository\org\eclipse\jetty\jetty-webapp\9.4.8.v20171121\jetty-webapp-9.4.8.v20171121.jar;C:\Users\Gustavo\.m2\repository\org\eclipse\jetty\jetty-xml\9.4.8.v20171121\jetty-xml-9.4.8.v20171121.jar;C:\Users\Gustavo\.m2\repository\org\eclipse\jetty\jetty-servlet\9.4.8.v20171121\jetty-servlet-9.4.8.v20171121.jar;C:\Users\Gustavo\.m2\repository\org\eclipse\jetty\jetty-security\9.4.8.v20171121\jetty-security-9.4.8.v20171121.jar;C:\Users\Gustavo\.m2\repository\org\eclipse\jetty\jetty-server\9.4.8.v20171121\jetty-server-9.4.8.v20171121.jar;C:\Users\Gustavo\.m2\repository\org\eclipse\jetty\websocket\websocket-server\9.4.8.v20171121\websocket-server-9.4.8.v20171121.jar;C:\Users\Gustavo\.m2\repository\org\eclipse\jetty\websocket\websocket-common\9.4.8.v20171121\websocket-common-9.4.8.v20171121.jar;C:\Users\Gustavo\.m2\repository\org\eclipse\jetty\websocket\websocket-api\9.4.8.v20171121\websocket-api-9.4.8.v20171121.jar;C:\Users\Gustavo\.m2\repository\org\eclipse\jetty\websocket\websocket-client\9.4.8.v20171121\websocket-client-9.4.8.v20171121.jar;C:\Users\Gustavo\.m2\repository\org\eclipse\jetty\jetty-client\9.4.8.v20171121\jetty-client-9.4.8.v20171121.jar;C:\Users\Gustavo\.m2\repository\org\eclipse\jetty\websocket\websocket-servlet\9.4.8.v20171121\websocket-servlet-9.4.8.v20171121.jar;C:\Users\Gustavo\.m2\repository\javax\servlet\javax.servlet-api\3.1.0\javax.servlet-api-3.1.0.jar;C:\Users\Gustavo\.m2\repository\org\eclipse\jetty\websocket\javax-websocket-server-impl\9.4.8.v20171121\javax-websocket-server-impl-9.4.8.v20171121.jar;C:\Users\Gustavo\.m2\repository\org\eclipse\jetty\jetty-annotations\9.4.8.v20171121\jetty-annotations-9.4.8.v20171121.jar;C:\Users\Gustavo\.m2\repository\org\eclipse\jetty\jetty-plus\9.4.8.v20171121\jetty-plus-9.4.8.v20171121.jar;C:\Users\Gustavo\.m2\repository\org\ow2\asm\asm\6.0\asm-6.0.jar;C:\Users\Gustavo\.m2\repository\org\ow2\asm\asm-commons\6.0\asm-commons-6.0.jar;C:\Users\Gustavo\.m2\repository\org\ow2\asm\asm-tree\6.0\asm-tree-6.0.jar;C:\Users\Gustavo\.m2\repository\org\eclipse\jetty\websocket\javax-websocket-client-impl\9.4.8.v20171121\javax-websocket-client-impl-9.4.8.v20171121.jar;C:\Users\Gustavo\.m2\repository\javax\websocket\javax.websocket-api\1.0\javax.websocket-api-1.0.jar;C:\Users\Gustavo\.m2\repository\org\mortbay\jasper\apache-el\8.5.24.2\apache-el-8.5.24.2.jar;C:\Users\Gustavo\.m2\repository\org\springframework\spring-test\5.0.4.RELEASE\spring-test-5.0.4.RELEASE.jar;C:\Users\Gustavo\.m2\repository\org\springframework\spring-core\5.0.4.RELEASE\spring-core-5.0.4.RELEASE.jar;C:\Users\Gustavo\.m2\repository\org\springframework\spring-jcl\5.0.4.RELEASE\spring-jcl-5.0.4.RELEASE.jar;C:\Users\Gustavo\.m2\repository\org\springframework\spring-context\5.0.4.RELEASE\spring-context-5.0.4.RELEASE.jar;C:\Users\Gustavo\.m2\repository\org\springframework\spring-aop\5.0.4.RELEASE\spring-aop-5.0.4.RELEASE.jar;C:\Users\Gustavo\.m2\repository\org\springframework\spring-beans\5.0.4.RELEASE\spring-beans-5.0.4.RELEASE.jar;C:\Users\Gustavo\.m2\repository\org\springframework\spring-expression\5.0.4.RELEASE\spring-expression-5.0.4.RELEASE.jar;C:\Users\Gustavo\.m2\repository\org\springframework\spring-context-support\5.0.4.RELEASE\spring-context-support-5.0.4.RELEASE.jar;"/>
    <property name="java.vm.vendor" value="Oracle Corporation"/>
    <property name="sun.arch.data.model" value="32"/>
    <property name="user.variant" value=""/>
    <property name="java.vendor.url" value="http://java.oracle.com/"/>
    <property name="user.timezone" value=""/>
    <property name="java.vm.specification.version" value="1.8"/>
    <property name="os.name" value="Windows 10"/>
    <property name="user.country" value="BR"/>
    <property name="sun.java.launcher" value="SUN_STANDARD"/>
    <property name="sun.boot.library.path" value="C:\Program Files (x86)\Java\jdk1.8.0_144\jre\bin"/>
    <property name="sun.java.command" value="D:\Temporário\Windows\surefire847744132116058247\surefirebooter7651503827483566711.jar D:\Temporário\Windows\surefire847744132116058247 2018-06-06T23-52-05_259-jvmRun1 surefire2835062588554677114tmp surefire_05232607033736235693tmp"/>
    <property name="surefire.test.class.path" value="D:\JAVA\workspace\jee-oxygen\Playlist\target\test-classes;D:\JAVA\workspace\jee-oxygen\Playlist\target\classes;C:\Users\Gustavo\.m2\repository\com\jayway\restassured\rest-assured\2.9.0\rest-assured-2.9.0.jar;C:\Users\Gustavo\.m2\repository\org\codehaus\groovy\groovy\2.4.13\groovy-2.4.13.jar;C:\Users\Gustavo\.m2\repository\org\codehaus\groovy\groovy-xml\2.4.13\groovy-xml-2.4.13.jar;C:\Users\Gustavo\.m2\repository\org\apache\httpcomponents\httpclient\4.5.5\httpclient-4.5.5.jar;C:\Users\Gustavo\.m2\repository\org\apache\httpcomponents\httpcore\4.4.9\httpcore-4.4.9.jar;C:\Users\Gustavo\.m2\repository\commons-codec\commons-codec\1.11\commons-codec-1.11.jar;C:\Users\Gustavo\.m2\repository\org\apache\httpcomponents\httpmime\4.5.5\httpmime-4.5.5.jar;C:\Users\Gustavo\.m2\repository\org\hamcrest\hamcrest-core\1.3\hamcrest-core-1.3.jar;C:\Users\Gustavo\.m2\repository\org\hamcrest\hamcrest-library\1.3\hamcrest-library-1.3.jar;C:\Users\Gustavo\.m2\repository\org\ccil\cowan\tagsoup\tagsoup\1.2.1\tagsoup-1.2.1.jar;C:\Users\Gustavo\.m2\repository\com\jayway\restassured\json-path\2.9.0\json-path-2.9.0.jar;C:\Users\Gustavo\.m2\repository\org\codehaus\groovy\groovy-json\2.4.13\groovy-json-2.4.13.jar;C:\Users\Gustavo\.m2\repository\com\jayway\restassured\rest-assured-common\2.9.0\rest-assured-common-2.9.0.jar;C:\Users\Gustavo\.m2\repository\com\jayway\restassured\xml-path\2.9.0\xml-path-2.9.0.jar;C:\Users\Gustavo\.m2\repository\org\apache\commons\commons-lang3\3.7\commons-lang3-3.7.jar;C:\Users\Gustavo\.m2\repository\junit\junit\4.12\junit-4.12.jar;C:\Users\Gustavo\.m2\repository\net\aksingh\owm-japis\2.5.0.3\owm-japis-2.5.0.3.jar;C:\Users\Gustavo\.m2\repository\se\michaelthelin\spotify\spotify-web-api-java\1.7.5\spotify-web-api-java-1.7.5.jar;C:\Users\Gustavo\.m2\repository\com\google\protobuf\protobuf-java\3.4.0\protobuf-java-3.4.0.jar;C:\Users\Gustavo\.m2\repository\net\sf\json-lib\json-lib\2.4\json-lib-2.4-jdk15.jar;C:\Users\Gustavo\.m2\repository\commons-beanutils\commons-beanutils\1.8.0\commons-beanutils-1.8.0.jar;C:\Users\Gustavo\.m2\repository\commons-collections\commons-collections\3.2.1\commons-collections-3.2.1.jar;C:\Users\Gustavo\.m2\repository\commons-lang\commons-lang\2.5\commons-lang-2.5.jar;C:\Users\Gustavo\.m2\repository\commons-logging\commons-logging\1.1.1\commons-logging-1.1.1.jar;C:\Users\Gustavo\.m2\repository\net\sf\ezmorph\ezmorph\1.0.6\ezmorph-1.0.6.jar;C:\Users\Gustavo\.m2\repository\com\google\guava\guava\20.0\guava-20.0.jar;C:\Users\Gustavo\.m2\repository\org\springframework\boot\spring-boot-starter-web\2.0.0.RELEASE\spring-boot-starter-web-2.0.0.RELEASE.jar;C:\Users\Gustavo\.m2\repository\org\springframework\boot\spring-boot-starter\2.0.0.RELEASE\spring-boot-starter-2.0.0.RELEASE.jar;C:\Users\Gustavo\.m2\repository\org\springframework\boot\spring-boot\2.0.0.RELEASE\spring-boot-2.0.0.RELEASE.jar;C:\Users\Gustavo\.m2\repository\org\springframework\boot\spring-boot-autoconfigure\2.0.0.RELEASE\spring-boot-autoconfigure-2.0.0.RELEASE.jar;C:\Users\Gustavo\.m2\repository\org\springframework\boot\spring-boot-starter-logging\2.0.0.RELEASE\spring-boot-starter-logging-2.0.0.RELEASE.jar;C:\Users\Gustavo\.m2\repository\ch\qos\logback\logback-classic\1.2.3\logback-classic-1.2.3.jar;C:\Users\Gustavo\.m2\repository\ch\qos\logback\logback-core\1.2.3\logback-core-1.2.3.jar;C:\Users\Gustavo\.m2\repository\org\slf4j\slf4j-api\1.7.25\slf4j-api-1.7.25.jar;C:\Users\Gustavo\.m2\repository\org\apache\logging\log4j\log4j-to-slf4j\2.10.0\log4j-to-slf4j-2.10.0.jar;C:\Users\Gustavo\.m2\repository\org\apache\logging\log4j\log4j-api\2.10.0\log4j-api-2.10.0.jar;C:\Users\Gustavo\.m2\repository\org\slf4j\jul-to-slf4j\1.7.25\jul-to-slf4j-1.7.25.jar;C:\Users\Gustavo\.m2\repository\javax\annotation\javax.annotation-api\1.3.2\javax.annotation-api-1.3.2.jar;C:\Users\Gustavo\.m2\repository\org\yaml\snakeyaml\1.19\snakeyaml-1.19.jar;C:\Users\Gustavo\.m2\repository\org\springframework\boot\spring-boot-starter-json\2.0.0.RELEASE\spring-boot-starter-json-2.0.0.RELEASE.jar;C:\Users\Gustavo\.m2\repository\com\fasterxml\jackson\core\jackson-databind\2.9.4\jackson-databind-2.9.4.jar;C:\Users\Gustavo\.m2\repository\com\fasterxml\jackson\core\jackson-annotations\2.9.0\jackson-annotations-2.9.0.jar;C:\Users\Gustavo\.m2\repository\com\fasterxml\jackson\core\jackson-core\2.9.4\jackson-core-2.9.4.jar;C:\Users\Gustavo\.m2\repository\com\fasterxml\jackson\datatype\jackson-datatype-jdk8\2.9.4\jackson-datatype-jdk8-2.9.4.jar;C:\Users\Gustavo\.m2\repository\com\fasterxml\jackson\datatype\jackson-datatype-jsr310\2.9.4\jackson-datatype-jsr310-2.9.4.jar;C:\Users\Gustavo\.m2\repository\com\fasterxml\jackson\module\jackson-module-parameter-names\2.9.4\jackson-module-parameter-names-2.9.4.jar;C:\Users\Gustavo\.m2\repository\org\hibernate\validator\hibernate-validator\6.0.7.Final\hibernate-validator-6.0.7.Final.jar;C:\Users\Gustavo\.m2\repository\javax\validation\validation-api\2.0.1.Final\validation-api-2.0.1.Final.jar;C:\Users\Gustavo\.m2\repository\org\jboss\logging\jboss-logging\3.3.2.Final\jboss-logging-3.3.2.Final.jar;C:\Users\Gustavo\.m2\repository\com\fasterxml\classmate\1.3.4\classmate-1.3.4.jar;C:\Users\Gustavo\.m2\repository\org\springframework\spring-web\5.0.4.RELEASE\spring-web-5.0.4.RELEASE.jar;C:\Users\Gustavo\.m2\repository\org\springframework\spring-webmvc\5.0.4.RELEASE\spring-webmvc-5.0.4.RELEASE.jar;C:\Users\Gustavo\.m2\repository\org\springframework\boot\spring-boot-starter-jetty\2.0.0.RELEASE\spring-boot-starter-jetty-2.0.0.RELEASE.jar;C:\Users\Gustavo\.m2\repository\org\eclipse\jetty\jetty-servlets\9.4.8.v20171121\jetty-servlets-9.4.8.v20171121.jar;C:\Users\Gustavo\.m2\repository\org\eclipse\jetty\jetty-continuation\9.4.8.v20171121\jetty-continuation-9.4.8.v20171121.jar;C:\Users\Gustavo\.m2\repository\org\eclipse\jetty\jetty-http\9.4.8.v20171121\jetty-http-9.4.8.v20171121.jar;C:\Users\Gustavo\.m2\repository\org\eclipse\jetty\jetty-util\9.4.8.v20171121\jetty-util-9.4.8.v20171121.jar;C:\Users\Gustavo\.m2\repository\org\eclipse\jetty\jetty-io\9.4.8.v20171121\jetty-io-9.4.8.v20171121.jar;C:\Users\Gustavo\.m2\repository\org\eclipse\jetty\jetty-webapp\9.4.8.v20171121\jetty-webapp-9.4.8.v20171121.jar;C:\Users\Gustavo\.m2\repository\org\eclipse\jetty\jetty-xml\9.4.8.v20171121\jetty-xml-9.4.8.v20171121.jar;C:\Users\Gustavo\.m2\repository\org\eclipse\jetty\jetty-servlet\9.4.8.v20171121\jetty-servlet-9.4.8.v20171121.jar;C:\Users\Gustavo\.m2\repository\org\eclipse\jetty\jetty-security\9.4.8.v20171121\jetty-security-9.4.8.v20171121.jar;C:\Users\Gustavo\.m2\repository\org\eclipse\jetty\jetty-server\9.4.8.v20171121\jetty-server-9.4.8.v20171121.jar;C:\Users\Gustavo\.m2\repository\org\eclipse\jetty\websocket\websocket-server\9.4.8.v20171121\websocket-server-9.4.8.v20171121.jar;C:\Users\Gustavo\.m2\repository\org\eclipse\jetty\websocket\websocket-common\9.4.8.v20171121\websocket-common-9.4.8.v20171121.jar;C:\Users\Gustavo\.m2\repository\org\eclipse\jetty\websocket\websocket-api\9.4.8.v20171121\websocket-api-9.4.8.v20171121.jar;C:\Users\Gustavo\.m2\repository\org\eclipse\jetty\websocket\websocket-client\9.4.8.v20171121\websocket-client-9.4.8.v20171121.jar;C:\Users\Gustavo\.m2\repository\org\eclipse\jetty\jetty-client\9.4.8.v20171121\jetty-client-9.4.8.v20171121.jar;C:\Users\Gustavo\.m2\repository\org\eclipse\jetty\websocket\websocket-servlet\9.4.8.v20171121\websocket-servlet-9.4.8.v20171121.jar;C:\Users\Gustavo\.m2\repository\javax\servlet\javax.servlet-api\3.1.0\javax.servlet-api-3.1.0.jar;C:\Users\Gustavo\.m2\repository\org\eclipse\jetty\websocket\javax-websocket-server-impl\9.4.8.v20171121\javax-websocket-server-impl-9.4.8.v20171121.jar;C:\Users\Gustavo\.m2\repository\org\eclipse\jetty\jetty-annotations\9.4.8.v20171121\jetty-annotations-9.4.8.v20171121.jar;C:\Users\Gustavo\.m2\repository\org\eclipse\jetty\jetty-plus\9.4.8.v20171121\jetty-plus-9.4.8.v20171121.jar;C:\Users\Gustavo\.m2\repository\org\ow2\asm\asm\6.0\asm-6.0.jar;C:\Users\Gustavo\.m2\repository\org\ow2\asm\asm-commons\6.0\asm-commons-6.0.jar;C:\Users\Gustavo\.m2\repository\org\ow2\asm\asm-tree\6.0\asm-tree-6.0.jar;C:\Users\Gustavo\.m2\repository\org\eclipse\jetty\websocket\javax-websocket-client-impl\9.4.8.v20171121\javax-websocket-client-impl-9.4.8.v20171121.jar;C:\Users\Gustavo\.m2\repository\javax\websocket\javax.websocket-api\1.0\javax.websocket-api-1.0.jar;C:\Users\Gustavo\.m2\repository\org\mortbay\jasper\apache-el\8.5.24.2\apache-el-8.5.24.2.jar;C:\Users\Gustavo\.m2\repository\org\springframework\spring-test\5.0.4.RELEASE\spring-test-5.0.4.RELEASE.jar;C:\Users\Gustavo\.m2\repository\org\springframework\spring-core\5.0.4.RELEASE\spring-core-5.0.4.RELEASE.jar;C:\Users\Gustavo\.m2\repository\org\springframework\spring-jcl\5.0.4.RELEASE\spring-jcl-5.0.4.RELEASE.jar;C:\Users\Gustavo\.m2\repository\org\springframework\spring-context\5.0.4.RELEASE\spring-context-5.0.4.RELEASE.jar;C:\Users\Gustavo\.m2\repository\org\springframework\spring-aop\5.0.4.RELEASE\spring-aop-5.0.4.RELEASE.jar;C:\Users\Gustavo\.m2\repository\org\springframework\spring-beans\5.0.4.RELEASE\spring-beans-5.0.4.RELEASE.jar;C:\Users\Gustavo\.m2\repository\org\springframework\spring-expression\5.0.4.RELEASE\spring-expression-5.0.4.RELEASE.jar;C:\Users\Gustavo\.m2\repository\org\springframework\spring-context-support\5.0.4.RELEASE\spring-context-support-5.0.4.RELEASE.jar;"/>
    <property name="sun.cpu.endian" value="little"/>
    <property name="user.home" value="C:\Users\Gustavo"/>
    <property name="user.language" value="pt"/>
    <property name="java.specification.vendor" value="Oracle Corporation"/>
    <property name="java.home" value="C:\Program Files (x86)\Java\jdk1.8.0_144\jre"/>
    <property name="basedir" value="D:\JAVA\workspace\jee-oxygen\Playlist"/>
    <property name="file.separator" value="\"/>
    <property name="line.separator" value="&#10;"/>
    <property name="java.vm.specification.vendor" value="Oracle Corporation"/>
    <property name="java.specification.name" value="Java Platform API Specification"/>
    <property name="java.awt.graphicsenv" value="sun.awt.Win32GraphicsEnvironment"/>
    <property name="surefire.real.class.path" value="D:\Temporário\Windows\surefire847744132116058247\surefirebooter7651503827483566711.jar"/>
    <property name="sun.boot.class.path" value="C:\Program Files (x86)\Java\jdk1.8.0_144\jre\lib\resources.jar;C:\Program Files (x86)\Java\jdk1.8.0_144\jre\lib\rt.jar;C:\Program Files (x86)\Java\jdk1.8.0_144\jre\lib\sunrsasign.jar;C:\Program Files (x86)\Java\jdk1.8.0_144\jre\lib\jsse.jar;C:\Program Files (x86)\Java\jdk1.8.0_144\jre\lib\jce.jar;C:\Program Files (x86)\Java\jdk1.8.0_144\jre\lib\charsets.jar;C:\Program Files (x86)\Java\jdk1.8.0_144\jre\lib\jfr.jar;C:\Program Files (x86)\Java\jdk1.8.0_144\jre\classes"/>
    <property name="user.script" value=""/>
    <property name="sun.management.compiler" value="HotSpot Client Compiler"/>
    <property name="java.runtime.version" value="1.8.0_144-b01"/>
    <property name="user.name" value="Gustavo"/>
    <property name="path.separator" value=";"/>
    <property name="os.version" value="10.0"/>
    <property name="java.endorsed.dirs" value="C:\Program Files (x86)\Java\jdk1.8.0_144\jre\lib\endorsed"/>
    <property name="java.runtime.name" value="Java(TM) SE Runtime Environment"/>
    <property name="file.encoding" value="Cp1252"/>
    <property name="java.vm.name" value="Java HotSpot(TM) Client VM"/>
    <property name="localRepository" value="C:\Users\Gustavo\.m2\repository"/>
    <property name="java.vendor.url.bug" value="http://bugreport.sun.com/bugreport/"/>
    <property name="java.io.tmpdir" value="D:\Temporário\Windows\"/>
    <property name="java.version" value="1.8.0_144"/>
    <property name="user.dir" value="D:\JAVA\workspace\jee-oxygen\Playlist"/>
    <property name="os.arch" value="x86"/>
    <property name="java.vm.specification.name" value="Java Virtual Machine Specification"/>
    <property name="java.awt.printerjob" value="sun.awt.windows.WPrinterJob"/>
    <property name="sun.os.patch.level" value=""/>
    <property name="java.library.path" value="C:\Program Files (x86)\Java\jdk1.8.0_144\jre\bin;C:\WINDOWS\Sun\Java\bin;C:\WINDOWS\system32;C:\WINDOWS;C:/Program Files (x86)/Java/jre1.8.0_161/bin/client;C:/Program Files (x86)/Java/jre1.8.0_161/bin;C:/Program Files (x86)/Java/jre1.8.0_161/lib/i386;C:\ProgramData\Oracle\Java\javapath;C:\WINDOWS\system32;C:\WINDOWS;C:\WINDOWS\System32\Wbem;C:\WINDOWS\System32\WindowsPowerShell\v1.0\;C:\Program Files\Git\cmd;C:\WINDOWS\System32\OpenSSH\;C:\Users\Gustavo\AppData\Local\atom\bin;C:\Users\Gustavo\AppData\Local\Microsoft\WindowsApps;;D:\JAVA\Eclipse\jee-oxygen\eclipse;;."/>
    <property name="java.vm.info" value="mixed mode"/>
    <property name="java.vendor" value="Oracle Corporation"/>
    <property name="java.vm.version" value="25.144-b01"/>
    <property name="java.ext.dirs" value="C:\Program Files (x86)\Java\jdk1.8.0_144\jre\lib\ext;C:\WINDOWS\Sun\Java\lib\ext"/>
    <property name="sun.io.unicode.encoding" value="UnicodeLittle"/>
    <property name="java.class.version" value="52.0"/>
  </properties>
  <testcase name="testGetCategory1" classname="com.ifood.Playlist.controller.CategoryControllerTest" time="1.778"/>
  <testcase name="testGetCategory2" classname="com.ifood.Playlist.controller.CategoryControllerTest" time="0.306"/>
  <testcase name="testGetCategory3" classname="com.ifood.Playlist.controller.CategoryControllerTest" time="0.303"/>
</testsuite>